<?xml version="1.0" encoding="UTF-8"?>
<!-- Generated by org.testng.reporters.JUnitReportReporter -->
<testsuite hostname="INBLRSE2701414" name="Sdlc.AddBook" tests="1" failures="0" timestamp="2 May 2017 13:21:26 GMT" time="6.957" errors="0">
  <testcase name="Add_book" time="6.957" classname="Sdlc.AddBook"/>
</testsuite> <!-- Sdlc.AddBook -->
