<?xml version="1.0" encoding="UTF-8"?>
<!-- Generated by org.testng.reporters.JUnitReportReporter -->
<testsuite hostname="INBLRSE2701414" name="Sdlc.CloseApp" tests="1" failures="0" timestamp="2 May 2017 13:21:26 GMT" time="4.057" errors="0">
  <testcase name="Close_App" time="4.057" classname="Sdlc.CloseApp"/>
</testsuite> <!-- Sdlc.CloseApp -->
