<?xml version="1.0" encoding="UTF-8"?>
<!-- Generated by org.testng.reporters.JUnitReportReporter -->
<testsuite hostname="INBLRSE2701414" name="Sdlc.AddLib" tests="1" failures="0" timestamp="2 May 2017 13:21:26 GMT" time="15.950" errors="0">
  <testcase name="Add_lib" time="15.950" classname="Sdlc.AddLib"/>
</testsuite> <!-- Sdlc.AddLib -->
