<?xml version="1.0" encoding="UTF-8"?>
<!-- Generated by org.testng.reporters.JUnitReportReporter -->
<testsuite hostname="INBLRSE2701414" name="Sdlc.Login" tests="1" failures="0" timestamp="2 May 2017 13:21:26 GMT" time="8.051" errors="0">
  <testcase name="Login" time="8.051" classname="Sdlc.Login"/>
</testsuite> <!-- Sdlc.Login -->
