<?xml version="1.0" encoding="UTF-8"?>
<!-- Generated by org.testng.reporters.JUnitReportReporter -->
<testsuite hostname="INBLRSE2701414" name="Sdlc.CloseApp" tests="1" failures="0" timestamp="4 May 2017 06:24:56 GMT" time="6.956" errors="0">
  <testcase name="Close_App" time="6.956" classname="Sdlc.CloseApp"/>
</testsuite> <!-- Sdlc.CloseApp -->
