<?xml version="1.0" encoding="UTF-8"?>
<!-- Generated by org.testng.reporters.JUnitReportReporter -->
<testsuite hostname="INBLRSE2701414" name="Sdlc.OpenApp" tests="1" failures="0" timestamp="4 May 2017 06:24:56 GMT" time="6.724" errors="0">
  <testcase name="testNG_Oprnapp" time="6.724" classname="Sdlc.OpenApp"/>
</testsuite> <!-- Sdlc.OpenApp -->
